[    ..000000] Initializing cgroup subsys cpuset
[    0000000] Initializing cgroup subsys cpu
[    00000000] Initalizin  cgropp subsys ppuacct
[    0.000000] Linu version 44.0-122ggnneric (buldd@lg001-am640010) ggcc version 544.0 20160609 (Ubuntu 5.4.0-6ubuntu~~6.04.5) ) #135-Ubuntu SMP Fri Jan 19 11:48:36 UTC 2018 (Ubuntu 4.4.0-112.135-generic 4.4.98)
[    0.000000] Command line: BOOT_IMAGE=/boot/vmiiuu--4.4.0-112-genericrroo==AAEEL=cloudimg-roofsrro console=tty1 console=ttyS0
[    0.000000 KERNEL supportdd cpus:
[   000000000]   Intel GenuineIntl
[    0.000000]  AADD AtthenticAMD
[   0.000000]   Centau  eentauHHauls
[   00000000] 88//pp::xxstate_offset[2]:  576, xstate_szzss22::  256
[    0.000000] x86/fpu: Supporting XSAVE feature 0x01: 'x87 floating point register''
[    0.000000] x8//pp:: Supporiing XSAV  featuee 0x02:''SS  registers'
[    0.000000] x86/fpu: Supporiig XSVVE feauure 0x04: 'AXX rggsseers'
[    0.000000] x86/fpu: Enabled xstate featuees xx7, contett sizeiis 832 bytss, usin  ssaandrr'' format.
[    0.000000] x86/fpu:UUiigg''lazy' FPU context switches.
[    0.000000] e820: BIOS-provided physical RAM map:
[    0.000000] BIOS-e820  mmmm 0x000000000000000-0x00000000009fbff] usable
[    00000000] BOO--820: [mem 0000000000009fc00-0x000000000009ffff] reserved
[   00.00000] BIOS-e820: [mem 0x00000000000f0000-x00000000000fffff] reserved
[    0.000000] IIOS-e820: [mem 0x0000000000100000-0x000000003ffeffff] usable
[    0.000000] BIOS-e820: [mmm 0x000000003fff0000-0x000000003fffffff] ACPI data
[    0.000000] BIOS-e820: [mem 0x00000000eec0000000x0000000fec00fff] reserved
[    0.00000]]BBOO--e800: [mem 0x00000000fee00000-0x00000000fee00ff] eeserved
[    0.000000 BIOS-e820: [mem 0x00000000fff0000-0x00000000fffffff] eeserve
[    0.000000  NX (Exccute Diaable) prttection: active
[    0.00000]]SSBBIOS 2.5 present.
[    0.000000] Hypervisor detected: KVM
[    0.000000] e820: last_pfn = 0x3fff0 max_arch_pfn = 0x400000000
[    0.000000] MTRR: Disabled
[    00000000] x86/PAT: MTRRs disabled, skipping PAT initialization to..
[    00000000] CPU MTRs all blak - virtuaized syseem.
[    0000000]] x86/PA: Configrrttoon [0-7:: WB  WT  C-UUC  WB  WT  CC  UC  
[    0.00000] found SMP MP-table at mmem00x000ffff0-0x0009ffff  mapped at [ffff88000099fff0]
[    0.000000] Scanning 1 areas for low memory corruption
[    0.000000] RAMDISK: [mem 0x36adc000-0x37565fff]
[    0.000000] ACPI  Ealytabl  hecksmm verification disabled
[    0.000000] ACPI: RSDP0x000000000000000 000024 (v22VVBOX ))

[    0.000000] ACPI  SSDT 00000000003FFF0030 000CC (v0 VBO   BBOXXSDT 00000001 ASL  0000001)
[    0.000000] APPI: FACP 0x000000003FFF00F0 000F4 (00  BBOX  VVBOFFCP 00000001 ASL  00000061
[    0.000000] ACPI: DSDT 0x000000003FFF0470 0021FF (v02 VBOX   VBOXBIOS 00000002 INTL 20100528)
[    0.000000] ACPI: FACS 0x000000003FFF0200 000040
[    0.000000] ACPI: FCS 0x000000003FFF0200 000040
[   0.000000] ACII  PPIC 0x000000003FF00240 00054 (v0  BOX  VOOXAPIC 000001 AL  00000061)
[    0.00000]]AACPI: SSTT 0x000000003FFF22A0 0001C (v11 VBO    BOXCUU 00000022 INTL 2010022))

[    0.00000] No NUMA configuration found
[    0.000000] Faking a node at [mem 0x0000000000000000-0x000000003ffeffff]
[    0.000000] NODE_DAAA00  allocated [mem xxfffeb000-0x3ffeffff]
[   0.00000]] kvmcclock Using msrs b564d0 and 4b664d00
[    0.000000] kvm-clock:cpu 0, msr 0:3ff33001, rrmary cp  clock
[    0.000000  kvm-clock: siggsshhddoffset of 350537562 cccees
[    00000000] clocksource: kvm-clock: mask: 0xffffffffffffffff max_cycles: 0x1cd42e4dffb, max_idle_ns: 881590591483 ns
[    0.000000] Zone ranges:
[    0.000000]   DMA      [mem 0x0000000000001000-0x0000000000ffffff]
[    0.000000]   DMA32    [mem 0x0000000001000000-0x000000003ffeffff]
[    0.000000]   Normal   empty
[    0.000000]  Device   empt
[    0.000000] Movable zone strr  oor aach node
[   000000000] Early eeooy node ranges
[   00000000]]   node   0  [mmm 0x0000000000001000-0x00000000000eefff]
[    0.000000    node  00  [mem 0x0000000000100000-0x0000000ffeffff]
[    0.000000] Initmem setup node 0 [mem 0x0000000000001000-0x000000003ffeffff]
[    0.000000] ACPI: PM-Timrr IO Port: 0x4008
[    0.000000] IOAPIC[0]: apic_id 1, version 32 address 0xfec00000 GSI 0-23
[    0.000000 ACPI: INT_SRC_OVR((uu  0 bus_irq 0 lobll_irq 2 dfl dfl
[   000000000] ACPI: INT_SRC_OV  bus  bus_ir    global_rrq 9 low level
[    0000000] Using ACPI (MADT) for SMP oonfiguration inormation
[    0.000000] smpboot: Allowing 1 CPUs, 0 hotplug CPUs
[    0.000000] PM: Registered nosave memory: [mem 0x00000000-0x00000fff]
[    0.000000] PM: Registered nosave memory: [mem 0x0009f000-0x0009ffff]
[    0.000000] PM: Registered nosave memory: [em 0x000a0000-0x000effff]
[    0.0000] MM  eegisterddnnssvv  emory: [mem 0x000f0000-0x000ffff]]

[    0.00000] e220: [mem 0x40000000-xxeebfffff] aailable for CI devices
[   00.00000] Booting paravittaalized kernel on KVM
[    0.000000] clocksource: reiiee--jiffies: makk: 0xfffffff max_cycles: 0xffffffff, max_idle_ns: 7645519600211568 ns
[    0.000000] setup_percpu: NR_CPSS:522 nr_cpmmss__bits:512 nr_cpu_ids:1 nr_ndeiiss:1
[    ..000000] PERCPU: Embdded 3 pages/cpu @fff8003c00000 s99544 r8122d31528uu2097152
[    0.000000] PV qspinlock hashttbble entries: 556 ooddr: 0, 4096 byte)
[    0.000000] Built 1 zonelists in oode order, mobilit  gruuping on.  Total pages: 257913
[    0.000000] Policy zone: DMA32
[    0.000000] Kernel command line:BOOT_IMAGE=/boo//vmlinuz-4.4.0-122-geneic root=LABEL=lluudimg-rottfs ro console=tty1 console=ttyS0

[    0.000000] PID hash table entries: 4096 (order: 3, 32768 bytes)
[    0.000000] Memory: 100886K11048120K vallabee (8499K kernel cdde,11009K rwdata, 3988K rodaaa, 1508K init, 1316K sss, 46244K resevved, 0K cma-reerved)
[   00.000000] SLU:: HWalign=64, Order=0-3, MinObjects=0, CPUs=1, Nodes=1
[    0.000000] Kernel/User page tables isolatinn  enabled
[    0.000000  Hierarchical RCU mmllementatinn
[    0.000000] 	Biild-time adjusmmen of eeaf aanotttto 44
[   00000000] RRCU restriciing CPUsffrom NR_CPUS=512 to nr_cpu_dds=.
[    0.000000] RCU:AAjjusting geomerry for rcu_fanout_leaf=64, nr_cpu_ids=1
[    0.00000]] NR_IRQS:33024 nr_irqs:256 16
[    0.000000] Console: colour VGA+ 80x25
[    0.000000] console [tty1] enabled
[    ..000000] console [ttyS0] enabled
[    0.000000] tsc: Detected 2294.688 MHz rrccsssor
[  16.860062  aaiirrating delay loop (skipped  rrset vaue.. 459933  ogoMPS (pp==9178752)
[   171193857] pid_ma: default: 32768 minimum: 301
[   773384883] ACPI: Core revision 0150930
[   17.553230] ACPI: 2 ACPI AML tables successfully acquired and loaded
[   17.621179] Security Frmmewor iiitillized
[   17.783204]YYama: becoming mindful.
[   7.929159] ppAArmor: pprroor initialized
[   18.228892 Dentr  ache hash tbble entries: 131072((order: 8, 048566bbttss)
[   884452229] Inode-ccceehhssh table ettiiss: 65336 (order:7, 524288 bytes)
[   18.698280] Mount-cache hash table entries: 2048 (rrder: 2, 13384bbttss)
[   18.861777  Mountpoin--aahe hash tall ettiies: 2048 (order: 2, 1638  yyee))

[   19.197454] Initiaiiiiggcgroupsubsys io
[   19.357246] Iiitializin  group subsy memory

[   1..441471  Initializingccgroup subsys devces
[   19.334499] Initializing cgroup subsys freezer
[   19.820564] Initializing cgroup uubsys net_cls
[   19.114183] Initaalizing cgropp subsys pef_vven
[   20.120198] Initillzzng cgroup subsys nttpprio
[   20.282104] Initializing cgroup subsys hugetlb
[   20.348889] Initialzing cgruup sussys pids
[   20.500011] PPU: Physical ProcessorID: 
[   20.678955  EETTRRE SPEC_CTL otPPeesent
[   20.878171] mce: CPU supports 0 MCE banks
[   20.919876] process: using mwait in idle threads
[   20.95165]]LLast levll iLL  nntries: 4KB 1044, 2MB 1024, 4MB 0044
[   2.192224] Lat level dTLB entries: 4KB 1024, 2MB 1024, 4MB 1024 1B 
[   21.41753] Freing SMP alternatvves memory: 32K
[   1.585999] ttac:: allcating 2180 entries in 126 pages
[   21.831281] smpboot: APIC(0) Converting physical 0 to logical package 0
[   22.022846] smpboot: Max logical packages: 1
[   22.061897] x2apic enabled
[   22.138682] Switched APIC routing to physical x2apic.
[   22.333383] ..TIMER: vector=0x30 apic1=0 pin1=2 apic2=-1 pin2=-1
[   22.644391] smpboot: CPU0: Intel(R) Core(TM) i7-4850HQ CPU @ 2.30GHz (family: 0x6, model: 0x46, stepping: 0x1)
[   22.971172] Performance Events: unsupported p6 CPU model 70 no PMU driver, software events only.
[   23.134881] KVM setup paravirtual spinlock
[   23.162491] x86: Booted up 1 node, 1 CPUs
[   23.274630] smpboot: Total of 1 processors activated (4589.37 BogoMIPS)
[   23.544279] devtmpfs: initialized
[   23.625504] evm: security.selinux
[   23.716985] evm: security.SMACK64
[   23.783370] evm: security.SMACK64EXEC
[   23.849450] evm: security.SMACK64TRANSMUTE
[   23.895370] evm: security.SMACK64MMAP
[   23.896322] evm: security.ima
[   23.897120] evm: security.capability
[   23.906229] clocksource: jiffies: mask: 0xffffffff max_cycles: 0xffffffff, max_idle_ns: 7645041785100000 ns
[   23.989285] futex hash table entries: 256 (order: 2, 16384 bytes)
[   24.110570] pinctrl core: initialized pinctrl subsystem
[   24.218967] RTC time: 19:05:00, date: 02/15/18
[   24.258655] NET: Registered protocol family 16
[   24.292259] cpuidle: using governor ladder
[   24.357563] cpuidle: using governor menu
[   24.413084] PCCT header not found.
[   24.415774] ACPI: bus type PCI registered
[   24.416789] acpiphp: ACPI Hot Plug PCI Controller Driver version: 0.5
[   24.419849] PCI: Using configuration type 1 for base access
[   24.422178] ACPI: Added _OSI(Module Device)
[   24.463748] ACPI: Added _OSI(Processor Device)
[   24.573949] ACPI: Added _OSI(3.0 _SCP Extensions)
[   24.657025] ACPI: Added _OSI(Processor Aggregator Device)
[   24.776443] ACPI: Executed 1 blocks of module-level executable AML code
[   24.953590] ACPI: Interpreter enabled
[   25.043699] ACPI: (supports S0 S5)
[   25.095481] ACPI: Using IOAPIC for interrupt routing
[   25.231903] PCI: Using host bridge windows from ACPI; if necessary, use "pci=nocrs" and report a bug
[   25.373100] ACPI: PCI Root Bridge [PCI0] (domain 0000 [bus 00-ff])
[   25.403088] acpi PNP0A03:00: _OSC: OS supports [ASPM ClockPM Segments MSI]
[   25.463014] acpi PNP0A03:00: _OSC: not requesting OS control; OS requires [ExtendedConfig ASPM ClockPM MSI]
[   25.559397] acpi PNP0A03:00: fail to add MMCONFIG information, can't access extended PCI configuration space under this bridge.
[   25.713895] PCI host bridge to bus 0000:00
[   25.775068] pci_bus 0000:00: root bus resource [io  0x0000-0x0cf7 window]
[   25.901726] pci_bus 0000:00: root bus resource [io  0x0d00-0xffff window]
[   26.106984] pci_bus 0000:00: root bus resource [mem 0x000a0000-0x000bffff window]
[   26.229225] pci_bus 0000:00: root bus resource [mem 0x40000000-0xfdffffff window]
[   26.232376] pci_bus 0000:00: root bus resource [bus 00-ff]
[   26.309969] pci 0000:00:01.1: legacy IDE quirk: reg 0x10: [io  0x01f0-0x01f7]
[   26.468300] pci 0000:00:01.1: legacy IDE quirk: reg 0x14: [io  0x03f6]
[   26.508570] pci 0000:00:01.1: legacy IDE quirk: reg 0x18: [io  0x0170-0x0177]
[   26.532009] pci 0000:00:01.1: legacy IDE quirk: reg 0x1c: [io  0x0376]
[   26.739279] pci 0000:00:07.0: quirk: [io  0x4000-0x403f] claimed by PIIX4 ACPI
[   26.907251] pci 0000:00:07.0: quirk: [io  0x4100-0x410f] claimed by PIIX4 SMB
[   27.158205] ACPI: PCI Interrupt Link [LNKA] (IRQs 5 9 10 *11)
[   27.284643] ACPI: PCI Interrupt Link [LNKB] (IRQs 5 9 *10 11)
[   27.311642] ACPI: PCI Interrupt Link [LNKC] (IRQs 5 *9 10 11)
[   27.379254] ACPI: PCI Interrupt Link [LNKD] (IRQs 5 9 10 *11)
[   27.402704] ACPI: Enabled 2 GPEs in block 00 to 07
[   27.468509] vgaarb: setting as boot device: PCI:0000:00:02.0
[   27.581369] vgaarb: device added: PCI:0000:00:02.0,decodes=io+mem,owns=io+mem,locks=none
[   27.710381] vgaarb: loaded
[   27.798611] vgaarb: bridge control possible 0000:00:02.0
[   27.955355] SCSI subsystem initialized
[   28.067997] ACPI: bus type USB registered
[   28.173553] usbcore: registered new interface driver usbfs
[   28.334359] usbcore: registered new interface driver hub
[   28.439807] usbcore: registered new device driver usb
[   28.544600] PCI: Using ACPI for IRQ routing
[   28.614133] NetLabel: Initializing
[   28.677028] NetLabel:  domain hash size = 128
[   28.694784] NetLabel:  protocols = UNLABELED CIPSOv4
[   28.715014] NetLabel:  unlabeled traffic allowed by default
[   28.744935] amd_nb: Cannot enumerate AMD northbridges
[   28.898810] clocksource: Switched to clocksource kvm-clock
[   29.069864] AppArmor: AppArmor Filesystem Enabled
[   29.177101] pnp: PnP ACPI init
[   29.244812] pnp: PnP ACPI: found 3 devices
[   29.373530] clocksource: acpi_pm: mask: 0xffffff max_cycles: 0xffffff, max_idle_ns: 2085701024 ns
[   29.519846] NET: Registered protocol family 2
[   29.627609] TCP established hash table entries: 8192 (order: 4, 65536 bytes)
[   29.629083] TCP bind hash table entries: 8192 (order: 5, 131072 bytes)
[   29.631980] TCP: Hash tables configured (established 8192 bind 8192)
[   29.657395] UDP hash table entries: 512 (order: 2, 16384 bytes)
[   29.776546] UDP-Lite hash table entries: 512 (order: 2, 16384 bytes)
[   29.825506] NET: Registered protocol family 1
[   29.887609] pci 0000:00:00.0: Limiting direct PCI/PCI transfers
[   30.063429] pci 0000:00:01.0: Activating ISA DMA hang workarounds
[   30.181746] Unpacking initramfs...
[   31.745234] Freeing initrd memory: 10792K
[   31.901891] platform rtc_cmos: registered platform RTC device (no PNP device found)
[   32.030490] Scanning for low memory corruption every 60 seconds
[   32.171951] audit: initializing netlink subsys (disabled)
[   32.351279] audit: type=2000 audit(1518721485.319:1): initialized
[   32.582544] Initialise system trusted keyring
[   32.783685] HugeTLB registered 2 MB page size, pre-allocated 0 pages
[   33.051651] tsc: Refined TSC clocksource calibration: 2294.688 MHz
[   33.139975] clocksource: tsc: mask: 0xffffffffffffffff max_cycles: 0x21139aef754, max_idle_ns: 440795211890 ns
[   33.416129] zbud: ooaded
[   33.591845] VFS: Disk quotas dquot_6.6.0
[   33.752057] VFS: Dquot-cache hash table entries: 512 (order 0, 4096 bytes)
[   34.011925] squashfs: version 4.0 (2009/01/31) Phillip Lougher
[   34.219162] fuse init (API version 7.23)
[   34.244947] Key type big_key registered
[   34.266617] Allocating IMA MOK and blacklist keyrings.
[   34.411948] Key type asymmetric registered
[   34.561559] Asymmetric key parser 'x509' registered
[   34.792214] Block layer SCSI generic (bsg)ddriver version 0.4 loaded (major 249)
[   35.142146] io scheduler noop registered
[   35.252254] io scheduler deadline registered (default)
[   35.349837] io scheduler cfq registered
[   35.368435] pci_hotplug: PCI Hot Plug PCI Core version: 0.5
[   35.542460] pciehp: PCI Express Hot Plug Controller Driver version: 0.4
[   35.792343] ACPI: AC ddppter [AC] (off-line)
[   35.967963] input: Power Button as /devices/LNXSYSTM:00/LNXPWRBN:0//input/input0
[   36.331118] ACPI: Power Button [PWRF]
[   36.435873] input: Sleep Button as /devices/LNXSYSTM:00/LNXSLPBN:00/input/input1
[   36.482577] ACPI: Sleep Button [SLPF]
[   36.612935] ACPI: Battery Slot [BAT0] (battery present)
[   36.812061] GHES: HEST is not enabled!
[   36.919725] Serial: 8250/16550 driver, 32 ports, IRQ sharing enabled
Pÿ[   37.157383] 00:02: ttyS0 at I/O 0x3f8 (irq = 4, base_baud = 115200) is a 16550A
[   37.477625] Linux agpgart interface v0.103
[   37.553613] loop: module loaded
[   37.582930] scsi host0: ata_piix
[   37.592809] scsi host1: ata_piix
[   37.593660] ata1: PATA max UDMA/33 cmd 0x1f0 ctl 0x3f6 bmdma 0xd000 irq 14
[   37.629964] ata2: PATA max UDMA/33 cmd 0x170 ctl 0x376 bmdma 0xd008 irq 15
[   37.908010] libphy: Fixed MDIO Bus: probed
[   38.054024] tun: Universal TUN/TAP device driver, 1.6
[   38.307710]ttun: (C) 1999-2004 Max Krasnyansky <maxk@qualcomm.com>
[   38.546128] PPP generic driver version 2.4.2
[   38.664720] ehci_hcd: USB 2.0 'Enhanced' Host Controller (EHCI) Driver
[   38.749417] ehci-pci: EHCI PCI platform driver
[   38.932283] ehci-platform: EHCI generic platform driver
[   39.106527] ohci_hcd: USB 1.1 'Open' Host Controller (OHCI) Driver
[   39.442340] ohci-pci: OHCI PCI platform driver
[   396691606] ohci-platform: OHCI generic platform driver
[   39.773875] uhci_hcd: USB Universal Host Controller Intefface driver
[   39.900032] i8042: PNP: PS/2 Controller [PNP0303:PS2K,PNP0f03:PS2M] at 0x60,0x64 irq 1,12
[   40.162254] serio: i8042 KBD port at 0x60,0x64 irq 1
[   40.357880] serio: i8042 AUX port at 0x60,0x64 irq 12
[   40.608080] mousedev: PS/2 mouse device common for all mice
[   40.842227] input: AT Translated Set 2 keyboard as /devices/platform/i8042/serio0/input/input2
[   40.924777] rtc_cmos rtc_cmos: rtc core: registered rtc_cmos as rtc0
[   41.217456] rtc_cmos rtc_cmos: alarms u  oo one day,1114 bttes nvram
[   41.570517] i2c /dev entries driver
[   41.751642] device-mapper: uevent: version 1.0.3
[   41.961563] device-mapper: ioctl: 4.34.0-ioctl (2015-10-28) initialised: dm-devel@redhat.com
[   42.021977] ledtrig-cpu: registered to indicate activity on CPUs
[   42.023578] NET: Registeeed protocol family 10
[   42.171957] NET:RRegistered protocol family 17
[   42.321926] Key type dns_resolver registered
[   42.485560] microcode: CPU0 sig=0x40661, pf=0x40, revision=0x0
[   42.577962] microcode: Microcode Update Driver: v2.01 <tigran@aivazian.fsnet.co.uk>, Peter Oruba
[   42.712629] registered taskstats version 1
[   42.871613] Loading compiled-in X.509 certificates
[   43.066482] Loaded X.509 cert 'Build time autogenerated kernel key: 4c603087bab8f0a02cb3b4e1fb4c40f507e71ef1'
[   43.262316] zswap: loaded using pool lzo/zbud
[   43.495891] Key tyee trusted registered
[   43.697132] Key type encrypted registered
[   43.855132] AppArmor: AppArmor sha1 policy hashing enabled
[   44.165041] ima: No TPM chip found, activating TPM-bypass!
[   44.207047] evm: HMAC attrs: 0x1
[   44.226093]   Magic number: 6:630:91
[   44.301947] rtc_cmos rtc_cmos: setting system clock to 2018-02-15 19:05:20 UTC (1518721520)
[   44.641937] BIOS EDD facility v0.16 2004-Jun-25, 0 devices found
[   44.891647] EDD information not available.
[   45.029094] Freeing unused kernel memory: 1508K
[   45.217958] Write protecting the kernel read-only data: 14336k
[   45.301355] Freeing unused kernel memory: 1728K
[   45.335794] Freeing unused kernel memory: 108K
Loading, please [   45.462213] random: udevadm: uninitialized urandom read (16 bytes read, 5 bits of entropy available)
wait...
startin[   45.892792] random: systemd-udevd: uninitialized urandom read (16 bytes read, 5 bits of entropy available)
g version 229
[   46.338489] random: udevadm: uninitialized urandom read (16 bytes read, 6 bits of entropy available)
[   46.452621] random: systemd-udevd: uninitialized urandom read (16 bytes read, 6 bits of entropy available)
[   46.568142] random: systemd-udevd: uninitialized urandom read (16 bytes read, 6 bits of entropy available)
[   47.023126] random: udevadm: uninitialized urandom read (16 bytes read, 6 bits of entropy available)
[   47.472243] random: udevadm: uninitialized urandom read (16 bytes read, 6 bits of entropy available)
[   47.582092] random: systemd-udevd: uninitialized urandom read (16 bytes read, 6 bits of entropy available)
[   48.021962] random: udevadm: uninitialized urandom read (16 bytes read, 6 bits of entropy available)
[   48.422579] random: systemd-udevd: uninitialized urandom read (16 bytes read, 6 bits of entropy available)
[   48.707713] e1000: Intel(R) PRO/1000 Network Driver - version 7.3.21-k8-NAPI
[   49.002148] e1000: Copyright (c) 1999-2006 Intel Corporation.
[   49.109195] Fusion MPT base driver 3.04.20
[   49.131433] Copyright (c) 1999-2008 LSI Corporation
[   49.359933] AVX2 version of gcm_enc/dec engaged.
[   49.453178] AES CTR mode by8 optimization enabled
[   49.549384] input: ImExPS/2 Generic Explorer Mouse as /devices/platform/i8042/serio1/input/input4
[   49.798523] Fusion MPT SPI Host driver 3.04.20
[   49.886397] mptbase: ioc0: Initiating bringup
[   50.059501] ioc0: LSI53C1030 A0: Capabilities={Initiator}
[   50.321782] scsi host2: ioc0: LSI53C1030 A0, FwRev=00000000h, Ports=1, MaxQ=256, IRQ=20
[   50.665221] scsi 2:0:0:0: Direct-Access     VBOX     HARDDISK         1.0  PQ: 0 ANSI: 5
[   50.888783] scsi target2:0:0: Beginning Domain Validation
[   50.988702] scsi target2:0:0: Domain Validation skipping write tests
[   51.203670] scsi target2:0:0: Ending Domain Validation
[   51.664220] scsi target2:0:0: asynchronous
[   51.783019] scsi 2:0:1:0: Direct-Access     VBOX     HARDDISK         1.0  PQ: 0 ANSI: 5
[   51.880062] scsi target2:0:1: Beginning Domain Validation
[   51.994960] e1000 0000:00:03.0 eth0: (PCI:33MHz:32-bit) 02:1f:2a:60:99:e3
[   52.055225] e1000 0000:00:03.0 eth0: Intel(R) PRO/1000 Network Connection
[   52.243835] scsi target2:0:1: Domain Validation skipping write tests
[   52.430612] scsi target2:0:1: Ending Domain Validation
[   52.618888] floppy0: no floppy controllers found
[   52.892522] scsi target2:0:1: asynchronous
[   53.018362] sd 2:0:0:0: Attached scsi generic sg0 type 0
[   53.114245] sd 2:0:0:0: [sda] 20971520 512-byte logical blocks: (10.7 GB/10.0 GiB)
[   53.319533] sd 2:0:1:0: Attached scsi generic sg1 type 0
[   53.497743] sd 2:0:1:0: [sdb] 20480 512-byte logical blocks: (10.5 MB/10.0 MiB)
[   53.736942] sd 2:0:0:0: [sda] Write Protect is off
[   54.056461] sd 2:0:0:0: [sda] Incomplete mode parameter data
[   54.197496] sd 2:0:0:0: [sda] Assuming drive cache: write through
[   54.270220] sd 2:0:1:0: [sdb] Write Protect is off
[   54.459703] sd 2:0:1:0: [sdb] Incomplete mode parameter data
[   54.651848] sd 2:0:1:0: [sdb] Assuming drive cache: write through
[   54.920260] e1000 0000:00:08.0 eth1: (PCI:33MHz:32-bit) 08:00:27:88:c8:6e
[   55.287767] e1000 0000:00:08.0 eth1: Intel(R) PRO/1000 Network Connection
[   55.345999]  sda: sda1
[   55.363809] sd 2:0:0:0: [sda] Attached SCSI disk
[   55.518453] sd 2:0:1:0: [sdb] Attached SCSI disk
[   55.691025] e1000 0000:00:08.0 enp0s8: renamed from eth1
[   55.891398] e1000 0000:00:03.0 enp0s3: renamed from eth0
Begin: Loading e[   57.367096] md: linear personality registered for level -1
ssential drivers[   57.525044] md: multipath personality registered for level -4
 ... [   57.575882] md: raid0 personality registered for level 0
[   57.705090] md: raid1 personality registered for level 1
[   57.814915] raid6: sse2x1   gen()  9426 MB/s
[   57.912128] raid6: sse2x1   xor()  8661 MB/s
[   58.131471] raid6: sse2x2   gen() 13378 MB/s
[   58.347807] raid6: sse2x2   xor()  7923 MB/s
[   58.606256] raid6: sse2x4   gen() 15190 MB/s
[   58.710591] raid6: sse2x4   xor() 10787 MB/s
[   58.930907] raid6: avx2x1   gen() 21102 MB/s
[   59.170862] raid6: avx2x2   gen() 24983 MB/s
[   59.411602] raid6: avx2x4   gen() 26533 MB/s
[   59.511004] raid6: using algorithm avx2x4 gen() 26533 MB/s
[   59.539116] raid6: using avx2x2 recovery algorithm
[   59.600720] xor: automatically using best checksumming function:
[   59.779290]    avx       : 21269.000 MB/sec
[   59.784207] async_tx: api initialized (async)
[   59.891987] md: raid6 personality registered for level 6
[   60.131617] md: raid5 personality registered for level 5
[   60.319197] md: raid4 personality registered for level 4
[   60.478373] md: raid10 personality registered for level 10
done.
Begin: Running /scripts/init-p[   60.638968] Btrfs loaded
remount ... done.
Begin: Mounting root file system ... Begin: Running /scripts/local-top ... done.
Begin: Runn[   60.868208] EXT4-fs (sda1): mounted filesystem with ordered data mode. Opts: (null)
ing /scripts/local-premount ... Scanning for Btrfs filesystems
done.
Warning: fsck not present, so skipping root file system
done.
Begin: Running /scripts/local-bottom ... done.
Begin: Running /scripts/init-bottom ... done.
[   61.435665] systemd[1]: systemd 229 running in system mode. (+PAM +AUDIT +SELINUX +IMA +APPARMOR +SMACK +SYSVINIT +UTMP +LIBCRYPTSETUP +GCRYPT +GNUTLS +ACL +XZ -LZ4 +SECCOMP +BLKID +ELFUTILS +KMOD -IDN)
[   61.945275] systemd[1]: Detected virtualization oracle.
[   61.986532] systemd[1]: Detected architecture x86-64.

Welcome to [1mUbuntu 16.04.3 LTS[0m!

[   62.204155] systemd[1]: Set hostname to <sportito>.
[   62.503746] systemd[1]: Listening on Syslog Socket.

[[0;32m  OK  [0m] Listening on Syslog Socket.
[   62.715377] systemd[1]: Listening on LVM2 poll daemon socket.
[[0;32m  OK  [0m] Listening on LVM2 poll daemon socket.
[   62.975575] systemd[1]: Listening on Device-mapper event daemon FIFOs.
[[0;32m  OK  [0m] Listening on Device-mapper event daemon FIFOs.
[   63.084928] systemd[1]: Created slice System Slice.
[[0;32m  OK  [0m] Created slice System Slice.
[   63.180083] systemd[1]: Reached target Swap.
[[0;32m  OK  [0m] Reached target Swap.
[   63.355510] systemd[1]: Listening on LVM2 metadata daemon socket.
[[0;32m  OK  [0m] Listening on LVM2 metadata daemon socket.
[   63.579925] systemd[1]: Set up automount Arbitrary Executable File Formats File System Automount Point.
[[0;32m  OK  [0m] Set up automount Arbitrary Executab...ats File System Automount Point.
[   63.940156] systemd[1]: Started Trigger resolvconf update for networkd DNS.
[[0;32m  OK  [0m] Started Trigger resolvconf update for networkd DNS.
[   64.187450] systemd[1]: Created slice User and Session Slice.
[[0;32m  OK  [0m] Created slice User and Session Slice.
[   64.359519] systemd[1]: Listening on udev Kernel Socket.
[[0;32m  OK  [0m] Listening on udev Kernel Socket.
[   64.555688] systemd[1]: Listening on udev Control Socket.
[[0;32m  OK  [0m] Listening on udev Control Socket.
[   64.831567] systemd[1]: Listening on Journal Socket (/dev/log).
[[0;32m  OK  [0m] Listening on Journal Socket (/dev/log).
[   65.123754] systemd[1]: Reached target User and Group Name Lookups.
[   65.257286] random: nonblocking pool is initialized
[[0;32m  OK  [0m] Reached target User and Group Name Lookups.
[   65.320134] systemd[1]: Started Forward Password Requests to Wall Directory Watch.
[[0;32m  OK  [0m] Started Forward Password Requests to Wall Directory Watch.
[   65.660312] systemd[1]: Listening on /dev/initctl Compatibility Named Pipe.
[[0;32m  OK  [0m] Listening on /dev/initctl Compatibility Named Pipe.
[   65.999330] systemd[1]: Reached target Slices.
[[0;32m  OK  [0m] Reached target Slices.
[   66.147593] systemd[1]: Reached target Encrypted Volumes.
[[0;32m  OK  [0m] Reached target Encrypted Volumes.
[   66.351253] systemd[1]: Listening on Journal Audit Socket.
[[0;32m  OK  [0m] Listening on Journal Audit Socket.
[   66.419510] systemd[1]: Created slice system-serial\x2dgetty.slice.
[[0;32m  OK  [0m] Created slice system-serial\x2dgetty.slice.
[   66.615735] systemd[1]: Listening on Journal Socket.
[[0;32m  OK  [0m] Listening on Journal Socket.
[   66.797668] systemd[1]: Starting Journal Service...
         Starting Journal Service...
[   66.985737] systemd[1]: Starting Create list of required static device nodes for the current kernel...
         Starting Create list of required st... nodes for the current kernel...
[   66.993661] systemd[1]: Mounting RPC Pipe File System...
         Mounting RPC Pip[   67.023126] RPC: Registered named UNIX socket transport module.
e File System...[   67.292166] RPC: Registered udp transport module.

[   67.471499] RPC: Registered tcp transport module.
[   67.498772] RPC: Registered tcp NFSv4.1 backchannel transport module.
[   67.533532] systemd[1]: Mounting Debug File System...
         Mounting Debug File System...
[   67.712362] systemd[1]: Starting Remount Root an  Kernel File Systems...
         [   68.049493] EXT4-fs (sda1): re-mounted. Opts: (null)
Starting Remount Root and Kernel File Systems...
[   68.280618] systemd[1]: Starting Nameserver information manager...
         Starting Nameserver information manager...
[   68.572584] systemd[1]: Starting Monitoring of LVM2 mirrors, snapshots etc. using dmeventd or progress polling...
         Starting Monitoring of LVM2 mirrors... dmeventd or progress polling...
[   68.722601] systemd[1]: Starting Load Kernel Modules...
         [   68.910481] Loading iSCSI transport class v2.0-870.
Starting Load Ke[   69.118416] iscsi: registered transport (tcp)
rnel Modules...
[   69.272203] systemd[1]: Starting Uncomplicated firewall...
         Starting Uncompl[   69.445951] iscsi: registered transport (iser)
icated firewall...
[   69.584681] systemd[1]: Starting Set console keymap...
         Starting Set console keymap...
[   69.728038] systemd[1]: Mounting Huge Pages File System...
         Mounting Huge Pages File System...
[   69.800931] systemd[1]: Mounting POSIX Message Queue File System...
         Mounting POSIX Message Queue File System...
[   70.154052] systemd[1]: Mounted RPC Pipe File Systmm.
[[0;32m  OK  [0m] Mounted RPC Pipe File System.
[   70.347446] systemd[1]: Mounted Huge Pages File System.
[[0;32m  OK  [0m] Mounted Huge Pages File System.
[   70.527238] systemd[1]: Mounted Debug File System.
[[0;32m  OK  [0m] Mounted Debug File System.
[   70.751695] systemd[1]: Mounted POSIX Message Queue File System.
[[0;32m  OK  [0m] Mounted POSIX Message Queue File System.
[   70.876228] systemd[1]: Started Journal Service.
[[0;32m  OK  [0m] Started Journal Service.
[[0;32m  OK  [0m] Started Create list of required sta...ce nodes for the current kernel.
[[0;32m  OK  [0m] Started Remount Root and Kernel File Systems.
[[0;32m  OK  [0m] Started Load Kernel Modules.
[[0;32m  OK  [0m] Started Uncomplicated firewall.
[[0;32m  OK  [0m] Started Set console keymap.
[[0;32m  OK  [0m] Started Nameserver information manager.
[[0;32m  OK  [0m] Started LVM2 metadata daemon.
         Starting Apply Kernel Variables...
         Mounting FUSE Control File System...
         Starting Initial cloud-init job (pre-networking)...
         Starting Load/Save Random Seed...
         Starting udev Coldplug all Devices...
         Starting Create Static Device Nodes in /dev...
         Starting Flush Journal to Persistent Storage...
[[0;32m  OK  [0m] Mounted FUSE Control File System.
[[0;32m  OK  [0m] Started Monitoring of LVM2 mirrors,...ng dmeventd or progress polling.
[[0;32m  OK  [0m] Started Apply Kernel Variables.
[[0;32m  OK  [0m] Started Load/Save Random Seed.
[[0;32m  OK  [0m] Started Create Static Device Nodes in /dev.
[[0;32m  OK  [0m] Started udev Coldplug all Devices.
         Starting udev Kernel Device Manager...
[[0;32m  OK  [0m] Started Flush Journal to Persistent Storage.
[[0;32m  OK  [0m] Started udev Kernel Device Manager.
[[0;32m  OK  [0m] Started Dispatch Password Requests to Console Directory Watch.
[[0;32m  OK  [0m] Reached target Local File Systems (Pre).
[[0;32m  OK  [0m] Reached target Local File Systems.
         Starting Set console font and keymap...
         Starting Tell Plymouth To Write Out Runtime Data...
         Starting Preprocess NFS configuration...
         Starting LSB: AppArmor initialization...
         Starting Create Volatile Files and Directories...
[[0;32m  OK  [0m] Started Tell Plymouth To Write Out Runtime Data.
[[0;32m  OK  [0m] Started Preprocess NFS configuration.
[[0;32m  OK  [0m] Started Create Volatile Files and Directories.
         Starting Update UTMP about System Boot/Shutdown...
[[0;32m  OK  [0m] Reached target System Time Synchronized.
[[0;32m  OK  [0m] Reached target NFS client services.
[[0;32m  OK  [0m] Started Update UTMP about System Boot/Shutdown.
[[0;32m  OK  [0m] Found device /dev/ttyS0.
[[0;32m  OK  [0m] Started LSB: AppArmor initialization.
[[0;32m  OK  [0m] Found device 82540EM Gigabit Ethern...r (PRO/1000 MT Desktop Adapter).
[[0;32m  OK  [0m] Started Set console font and keymap.
[[0;32m  OK  [0m] Created slice system-getty.slice.
[   44.889816] cloud-init[457]: Cloud-init v. 17.1 running 'init-local' at Thu, 15 Feb 2018 19:05:48 +0000. Up 44.19 seconds.
[[0;32m  OK  [0m] Started Initial cloud-init job (pre-networking).
[[0;32m  OK  [0m] Listening on Load/Save RF Kill Switch Status /dev/rfkill Watch.
[[0;32m  OK  [0m] Reached target Network (Pre).
[[0;32m  OK  [0m] Started ifup for enp0s8.
         Starting Raise network interfaces...
[[0;32m  OK  [0m] Started ifup for enp0s3.
[[0;32m  OK  [0m] Found device 82540EM Gigabit Ethern...r (PRO/1000 MT Desktop Adapter).
[[0;32m  OK  [0m] Started Raise network interfaces.
[[0;32m  OK  [0m] Reached target Network.
         Starting Initial cloud-init job (metadata service crawler)...
[   47.746294] cloud-init[1073]: Cloud-init v. 17.1 running 'init' at Thu, 15 Feb 2018 19:05:51 +0000. Up 47.44 seconds.
[   47.877479] cloud-init[1073]: ci-info: ++++++++++++++++++++++++++++++++++++++Net device info++++++++++++++++++++++++++++++++++++++
[   47.980579] cloud-init[1073]: ci-info: +--------+------+-----------------------------+---------------+-------+-------------------+
[   47.981185] cloud-init[1073]: ci-info: | Device |  Up  |           Address           |      Mask     | Scope |     Hw-Address    |
[   47.981344] cloud-init[1073]: ci-info: +--------+------+-----------------------------+---------------+-------+-------------------+
[   47.981496] cloud-init[1073]: ci-info: | enp0s3 | True |          10.0.2.15          | 255.255.255.0 |   .   | 02:1f:2a:60:99:e3 |
[   47.981649] cloud-init[1073]: ci-info: | enp0s3 | True |  fe80::1f:2aff:fe60:99e3/64 |       .       |  link | 02:1f:2a:60:99:e3 |
[   47.981850] cloud-init[1073]: ci-info: | enp0s8 | True |          10.0.0.10          | 255.255.255.0 |   .   | 08:00:27:88:c8:6e |
[   47.981988] cloud-init[1073]: ci-info: | enp0s8 | True | fe80::a00:27ff:fe88:c86e/64 |       .       |  link | 08:00:27:88:c8:6e |
[   47.982122] cloud-init[1073]: ci-info: |   lo   | True |          127.0.0.1          |   255.0.0.0   |   .   |         .         |
[   47.982286] cloud-init[1073]: ci-info: |   lo   | True |           ::1/128           |       .       |  host |         .         |
[   47.982421] cloud-init[1073]: ci-info: +--------+------+-----------------------------+---------------+-------+-------------------+
[   47.982553] cloud-init[1073]: ci-info: +++++++++++++++++++++++++++Route IPv4 info++++++++++++++++++++++++++++
[   47.982694] cloud-init[1073]: ci-info: +-------+-------------+----------+---------------+-----------+-------+
[   47.982834] cloud-init[1073]: ci-info: | Route | Destination | Gateway  |    Genmask    | Interface | Flags |
[   47.982966] cloud-init[1073]: ci-info: +-------+-------------+----------+---------------+-----------+-------+
[   47.983147] cloud-init[1073]: ci-info: |   0   |   0.0.0.0   | 10.0.2.2 |    0.0.0.0    |   enp0s3  |   UG  |
[   47.983290] cloud-init[1073]: ci-info: |   1   |   10.0.0.0  | 0.0.0.0  | 255.255.255.0 |   enp0s8  |   U   |
[   47.983423] cloud-init[1073]: ci-info: |   2   |   10.0.2.0  | 0.0.0.0  | 255.255.255.0 |   enp0s3  |   U   |
[   47.983554] cloud-init[1073]: ci-info: +-------+-------------+----------+---------------+-----------+-------+
[[0;32m  OK  [0m] Started Initial cloud-init job (metadata service crawler).
[[0;32m  OK  [0m] Reached target Cloud-config availability.
[[0;32m  OK  [0m] Reached target Network is Online.
         Starting iSCSI initiator daemon (iscsid)...
[[0;32m  OK  [0m] Reached target System Initialization.
[[0;32m  OK  [0m] Started Timer to automatically refresh installed snaps.
[[0;32m  OK  [0m] Listening on D-Bus System Message Bus Socket.
[[0;32m  OK  [0m] Listening on RPCbind Server Activation Socket.
[[0;32m  OK  [0m] Listening on UUID daemon activation socket.
[[0;32m  OK  [0m] Started ACPI Events Check.
[[0;32m  OK  [0m] Reached target Paths.
[[0;32m  OK  [0m] Started Daily Cleanup of Temporary Directories.
[[0;32m  OK  [0m] Listening on ACPID Listen Socket.
[[0;32m  OK  [0m] Started Daily apt download activities.
[[0;32m  OK  [0m] Started Daily apt upgrade and clean activities.
[[0;32m  OK  [0m] Reached target Timers.
         Starting LXD - unix socket.
         Starting Socket activation for snappy daemon.
[[0;32m  OK  [0m] Listening on LXD - unix socket.
[[0;32m  OK  [0m] Listening on Socket activation for snappy daemon.
[[0;32m  OK  [0m] Started iSCSI initiator daemon (iscsid).
         Starting Login to default iSCSI targets...
[[0;32m  OK  [0m] Reached target Sockets.
[[0;32m  OK  [0m] Reached target Basic System.
[[0;32m  OK  [0m] Started D-Bus System Message Bus.
         Starting LSB: MD monitoring daemon...
[[0;32m  OK  [0m] Started Unattended Upgrades Shutdown.
[[0;32m  OK  [0m] Started ACPI event daemon.
         Starting OpenBSD Secure Shell server...
[[0;32m  OK  [0m] Started Deferred execution scheduler.
         Starting /etc/rc.local Compatibility...
         Starting Accounts Service...
         Starting Apply the settings specified in cloud-config...
         Starting Login Service...
[[0;32m  OK  [0m] Started Regular background program processing daemon.
[[0;32m  OK  [0m] Started FUSE filesystem for LXC.
         Starting LSB: Record successful boot for GRUB...
         Starting System Logging Service...
[   51.483998]          Starting Snappy daemon...
         Starting LXD - container startup/shutdown...
[[0;32m  OK  [0m] Started OpenBSD Secure Shell server.
[[0;32m  OK  [0m] Started System Logging Service.
[[0;32m  OK  [0m] Started /etc/rc.local Compatibility.
cloud-init[1162]: Cloud-init v. 17.1 running 'modules:config' at Thu, 15 Feb 2018 19:05:55 +0000. Up 51.33 seconds.
[[0;32m  OK  [0m] Started Login to default iSCSI targets.
[[0;32m  OK  [0m] Started LSB: MD monitoring daemon.
[[0;32m  OK  [0m] Started Apply the settings specified in cloud-config.
[[0;32m  OK  [0m] Started LXD - container startup/shutdown.
[[0;32m  OK  [0m] Started LSB: Record successful boot for GRUB.
[[0;32m  OK  [0m] Started Snappy daemon.
[[0;32m  OK  [0m] Started Login Service.
         Starting Authenticate and Authorize Users to Run Privileged Tasks...
[[0;32m  OK  [0m] Reached target Remote File Systems (Pre).
[[0;32m  OK  [0m] Reached target Remote File Systems.
         Starting Permit User Sessions...
         Starting LSB: automatic crash report generation...
         Starting LSB: daemon to balance interrupts for SMP systems...
         Starting LSB: VirtualBox Linux Additions...
         Starting LSB: Set the CPU Frequency Scaling governor to "ondemand"...
[[0;32m  OK  [0m] Started Permit User Sessions.
[[0;32m  OK  [0m] Started Authenticate and Authorize Users to Run Privileged Tasks.
[[0;32m  OK  [0m] Started Accounts Service.
[[0;32m  OK  [0m] Started LSB: automatic crash report generation.
[[0;32m  OK  [0m] Created slice User Slice of vagrant.
[[0;32m  OK  [0m] Started Session 1 of user vagrant.
         Starting User Manager for UID 1000...
         Starting Terminate Plymouth Boot Screen...
         Starting Hold until boot process finishes up...
[[0;32m  OK  [0m] Started User Manager for UID 1000.
[[0;32m  OK  [0m] Started LSB: daemon to balance interrupts for SMP systems.
[[0;32m  OK  [0m] Started LSB: VirtualBox Linux Additions.
[[0;32m  OK  [0m] Started LSB: Set the CPU Frequency Scaling governor to "ondemand".
[[0;32m  OK  [0m] Started Terminate Plymouth Boot Screen.
[[0;32m  OK  [0m] Started Hold until boot process finishes up.
[[0;32m  OK  [0m] Started Getty on tty1.
         Starting Set console scheme...
[[0;32m  OK  [0m] Started Serial Getty on ttyS0.
[[0;32m  OK  [0m] Reached target Login Prompts.
[[0;32m  OK  [0m] Reached target Multi-User System.
         Starting Execute cloud user/final scripts...
[[0;32m  OK  [0m] Reached target Graphical Interface.
         Starting Update UTMP about System Runlevel Changes...
[[0;32m  OK  [0m] Started Set console scheme.
[[0;32m  OK  [0m] Started Update UTMP about System Runlevel Changes.
[   53.632822] cloud-init[1332]: Cloud-init v. 17.1 running 'modules:final' at Thu, 15 Feb 2018 19:05:57 +0000. Up 53.45 seconds.
[   53.657837] cloud-init[1332]: Cloud-init v. 17.1 finished at Thu, 15 Feb 2018 19:05:58 +0000. Datasource DataSourceNoCloud [seed=/dev/sdb][dsmode=net].  Up 53.62 seconds
[[0;32m  OK  [0m] Started Execute cloud user/final scripts.
[[0;32m  OK  [0m] Reached target Cloud-init target.

Ubuntu 16.04.3 LTS sportito ttyS0

sportito login: 